<?xml version="1.0" encoding="UTF-8"?>
<!-- Generated by org.testng.reporters.JUnitReportReporter -->
<testsuite hostname="LAPTOP-6AF90N6D" failures="0" tests="1" name="TestNGLearning.P001" time="10.539" errors="0" timestamp="2024-11-10T15:29:15 IST" skipped="0">
  <testcase classname="TestNGLearning.P001" name="testLogin" time="10.539"/>
</testsuite> <!-- TestNGLearning.P001 -->
