<?xml version="1.0" encoding="UTF-8"?>
<!-- Generated by org.testng.reporters.JUnitReportReporter -->
<testsuite hostname="LAPTOP-6AF90N6D" failures="0" tests="1" name="finalAssignment.TestNGP001" time="6.562" errors="0" timestamp="2024-12-18T19:41:46 IST" skipped="0">
  <testcase classname="finalAssignment.TestNGP001" name="testLogin" time="6.562"/>
</testsuite> <!-- finalAssignment.TestNGP001 -->
