<?xml version="1.0" encoding="UTF-8"?>
<!-- Generated by org.testng.reporters.JUnitReportReporter -->
<testsuite hostname="LAPTOP-6AF90N6D" failures="0" tests="3" name="finalAssignment.TestNGP004" time="0.021" errors="0" timestamp="2024-12-18T20:16:25 IST" skipped="0">
  <testcase classname="finalAssignment.TestNGP004" name="testLogin" time="0.003"/>
  <testcase classname="finalAssignment.TestNGP004" name="testLogin" time="0.003"/>
  <testcase classname="finalAssignment.TestNGP004" name="testLogin" time="0.015"/>
</testsuite> <!-- finalAssignment.TestNGP004 -->
